[2025-05-12 08:06:56] recon_sysinfo: Module loaded successfully.
[2025-05-12 08:06:56] recon_sysinfo: Module executed successfully.
[2025-05-12 08:48:51] sleep_timer: Module loaded successfully.
[2025-05-12 08:48:56] sleep_timer: Module executed successfully.
[2025-05-12 08:48:56] recon_sysinfo: Module loaded successfully.
[2025-05-12 08:48:56] recon_sysinfo: Module executed successfully.
[2025-05-12 09:26:16] recon_sysinfo_advanced: Module loaded successfully.
[2025-05-12 09:26:16] recon_sysinfo_advanced: Module executed successfully.
[2025-05-12 09:26:16] anti_sandbox_probe: Module loaded successfully.
[2025-05-12 09:26:18] anti_sandbox_probe: Module executed successfully.
[2025-05-12 09:26:18] exfil_dns_tunnel_sim: Module loaded successfully.
[2025-05-12 09:26:18] exfil_dns_tunnel_sim: Module executed successfully.
[2025-05-12 09:37:36] anti_sandbox_probe: Module loaded successfully.
[2025-05-12 09:37:38] anti_sandbox_probe: Module executed successfully.
[2025-05-12 09:37:38] sleep_timer: Module loaded successfully.
[2025-05-12 09:37:43] sleep_timer: Module executed successfully.
[2025-05-12 09:37:43] exfil_dns_tunnel_sim: Module loaded successfully.
[2025-05-12 09:37:43] exfil_dns_tunnel_sim: Module executed successfully.
[2025-05-12 09:37:43] recon_sysinfo: Module loaded successfully.
[2025-05-12 09:37:43] recon_sysinfo: Module executed successfully.
[2025-05-12 09:37:43] recon_sysinfo_advanced: Module loaded successfully.
[2025-05-12 09:37:43] recon_sysinfo_advanced: Module executed successfully.
